Arguments: 
  /usr/local/Cellar/node/20.6.1/bin/node /usr/local/Cellar/yarn/1.22.17_2/libexec/bin/yarn.js

PATH: 
  /Library/Frameworks/Python.framework/Versions/3.11/bin:/usr/local/opt/libpq/bin:/usr/local/opt/libpq/bin:/usr/local/bin:/usr/bin:/bin:/usr/sbin:/sbin:/Library/Frameworks/Python.framework/Versions/3.11/bin:/usr/local/opt/libpq/bin:/Users/denisniwemugisha/.sdkman/candidates/java/current/bin

Yarn version: 
  1.22.17

Node version: 
  20.6.1

Platform: 
  darwin x64

Trace: 
  Error: https://registry.yarnpkg.com/webpack-cli: ESOCKETTIMEDOUT
      at ClientRequest.<anonymous> (/usr/local/Cellar/yarn/1.22.17_2/libexec/lib/cli.js:141510:19)
      at Object.onceWrapper (node:events:628:28)
      at ClientRequest.emit (node:events:514:28)
      at TLSSocket.emitRequestTimeout (node:_http_client:840:9)
      at Object.onceWrapper (node:events:628:28)
      at TLSSocket.emit (node:events:526:35)
      at Socket._onTimeout (node:net:589:8)
      at listOnTimeout (node:internal/timers:573:17)
      at process.processTimers (node:internal/timers:514:7)

npm manifest: 
  {
      "name": "react-brush-up",
      "version": "1.0.0",
      "description": "",
      "main": "index.js",
      "scripts": {
          "start": "webpack serve --config webpack/webpack.config.js --env env=dev --open",
          "build": "webpack --config webpack/webpack.config.js --env env=prod"
      },
      "dependencies": {
          "react": "^18.2.0",
          "react-dom": "^18.2.0"
      },
      "devDependencies": {
          "@babel/core": "^7.23.2",
          "@babel/plugin-transform-runtime": "^7.23.2",
          "@babel/preset-env": "^7.23.2",
          "@babel/preset-react": "^7.22.15",
          "@babel/preset-typescript": "^7.23.2",
          "@babel/runtime": "^7.23.2",
          "@types/react": "^18.2.33",
          "@types/react-dom": "^18.2.14",
          "babel-loader": "^9.1.3",
          "copy-webpack-plugin": "^11.0.0",
          "css-loader": "^6.8.1",
          "html-webpack-plugin": "^5.5.3",
          "style-loader": "^3.3.3",
          "typescript": "^5.2.2",
          "webpack": "^5.89.0",
          "webpack-cli": "^5.1.4",
          "webpack-dev-server": "^4.15.1",
          "webpack-merge": "^5.10.0"
      },
      "author": "Denis",
      "license": "ISC"
  }

yarn manifest: 
  No manifest

Lockfile: 
  No lockfile
